<?xml version="1.0" encoding="UTF-8"?>
<testsuite name="Quando altero o produto com atributo(s) ausentes" tests="6" skipped="0" failures="0" errors="0" timestamp="2023-04-21T22:34:22" hostname="fedora" time="0.164">
  <properties/>
  <testcase name="Quando altero o produto com fabricante ausente" classname="com.ufcg.psoft.mercadofacil.service.ProdutoAlterarServiceTests$AtributosAusentsTests" time="0.013"/>
  <testcase name="Quando altero o produto com fabricante ausente" classname="com.ufcg.psoft.mercadofacil.service.ProdutoAlterarServiceTests$AtributosAusentsTests" time="0.032"/>
  <testcase name="Quando altero o produto com código de barras ausente" classname="com.ufcg.psoft.mercadofacil.service.ProdutoAlterarServiceTests$AtributosAusentsTests" time="0.021"/>
  <testcase name="Quando altero o produto com nome vazio" classname="com.ufcg.psoft.mercadofacil.service.ProdutoAlterarServiceTests$AtributosAusentsTests" time="0.029"/>
  <testcase name="Quando altero o produto com código de barras ausente" classname="com.ufcg.psoft.mercadofacil.service.ProdutoAlterarServiceTests$AtributosAusentsTests" time="0.016"/>
  <testcase name="Quando altero o produto com nome nulo" classname="com.ufcg.psoft.mercadofacil.service.ProdutoAlterarServiceTests$AtributosAusentsTests" time="0.019"/>
  <system-out><![CDATA[2023-04-21T19:34:22.571-03:00  INFO 45710 --- [    Test worker] t.c.s.AnnotationConfigContextLoaderUtils : Could not detect default configuration classes for test class [com.ufcg.psoft.mercadofacil.service.ProdutoAlterarServiceTests$AtributosAusentsTests]: AtributosAusentsTests does not declare any static, non-private, non-final, nested classes annotated with @Configuration.
2023-04-21T19:34:22.573-03:00  INFO 45710 --- [    Test worker] .b.t.c.SpringBootTestContextBootstrapper : Found @SpringBootConfiguration com.ufcg.psoft.mercadofacil.MercadoFacilApplication for test class com.ufcg.psoft.mercadofacil.service.ProdutoAlterarServiceTests$AtributosAusentsTests
Hibernate: insert into produtos (codigo_de_barras, fabricante, nome, preco, id) values (?, ?, ?, ?, ?)
Hibernate: select p1_0.id,p1_0.codigo_de_barras,p1_0.fabricante,p1_0.nome,p1_0.preco from produtos p1_0
Hibernate: select l1_0.produto_id,l1_0.id,l1_0.numero_de_itens from lotes l1_0 where l1_0.produto_id=?
Hibernate: delete from produtos where id=?
Hibernate: insert into produtos (codigo_de_barras, fabricante, nome, preco, id) values (?, ?, ?, ?, ?)
Hibernate: select p1_0.id,p1_0.codigo_de_barras,p1_0.fabricante,p1_0.nome,p1_0.preco from produtos p1_0
Hibernate: select l1_0.produto_id,l1_0.id,l1_0.numero_de_itens from lotes l1_0 where l1_0.produto_id=?
Hibernate: delete from produtos where id=?
Hibernate: insert into produtos (codigo_de_barras, fabricante, nome, preco, id) values (?, ?, ?, ?, ?)
Hibernate: select p1_0.id,p1_0.codigo_de_barras,p1_0.fabricante,p1_0.nome,p1_0.preco from produtos p1_0
Hibernate: select l1_0.produto_id,l1_0.id,l1_0.numero_de_itens from lotes l1_0 where l1_0.produto_id=?
Hibernate: delete from produtos where id=?
Hibernate: insert into produtos (codigo_de_barras, fabricante, nome, preco, id) values (?, ?, ?, ?, ?)
Hibernate: select p1_0.id,p1_0.codigo_de_barras,p1_0.fabricante,p1_0.nome,p1_0.preco from produtos p1_0
Hibernate: select l1_0.produto_id,l1_0.id,l1_0.numero_de_itens from lotes l1_0 where l1_0.produto_id=?
Hibernate: delete from produtos where id=?
Hibernate: insert into produtos (codigo_de_barras, fabricante, nome, preco, id) values (?, ?, ?, ?, ?)
Hibernate: select p1_0.id,p1_0.codigo_de_barras,p1_0.fabricante,p1_0.nome,p1_0.preco from produtos p1_0
Hibernate: select l1_0.produto_id,l1_0.id,l1_0.numero_de_itens from lotes l1_0 where l1_0.produto_id=?
Hibernate: delete from produtos where id=?
Hibernate: insert into produtos (codigo_de_barras, fabricante, nome, preco, id) values (?, ?, ?, ?, ?)
Hibernate: select p1_0.id,p1_0.codigo_de_barras,p1_0.fabricante,p1_0.nome,p1_0.preco from produtos p1_0
Hibernate: select l1_0.produto_id,l1_0.id,l1_0.numero_de_itens from lotes l1_0 where l1_0.produto_id=?
Hibernate: delete from produtos where id=?
]]></system-out>
  <system-err><![CDATA[]]></system-err>
</testsuite>
