<?xml version="1.0" encoding="UTF-8"?>
<testsuite name="com.ufcg.psoft.mercadofacil.MercadoFacilApplicationTests" tests="1" skipped="0" failures="0" errors="0" timestamp="2023-04-21T22:34:16" hostname="fedora" time="0.414">
  <properties/>
  <testcase name="contextLoads()" classname="com.ufcg.psoft.mercadofacil.MercadoFacilApplicationTests" time="0.414"/>
  <system-out><![CDATA[19:34:04.377 [Test worker] DEBUG org.springframework.boot.test.context.SpringBootTestContextBootstrapper -- Neither @ContextConfiguration nor @ContextHierarchy found for test class [MercadoFacilApplicationTests]: using SpringBootContextLoader
19:34:04.395 [Test worker] DEBUG org.springframework.test.context.support.AbstractContextLoader -- Could not detect default resource locations for test class [com.ufcg.psoft.mercadofacil.MercadoFacilApplicationTests]: no resource found for suffixes {-context.xml, Context.groovy}.
19:34:04.399 [Test worker] INFO org.springframework.test.context.support.AnnotationConfigContextLoaderUtils -- Could not detect default configuration classes for test class [com.ufcg.psoft.mercadofacil.MercadoFacilApplicationTests]: MercadoFacilApplicationTests does not declare any static, non-private, non-final, nested classes annotated with @Configuration.
19:34:04.463 [Test worker] DEBUG org.springframework.boot.test.context.SpringBootTestContextBootstrapper -- Using ContextCustomizers for test class [MercadoFacilApplicationTests]: [DisableObservabilityContextCustomizer, PropertyMappingContextCustomizer, Customizer, ExcludeFilterContextCustomizer, DuplicateJsonObjectContextCustomizer, MockitoContextCustomizer, TestRestTemplateContextCustomizer]
19:34:04.691 [Test worker] DEBUG org.springframework.context.annotation.ClassPathScanningCandidateComponentProvider -- Identified candidate component class: file [/home/mignoe/sala-de-aula-psoft-mignoe/build/classes/java/main/com/ufcg/psoft/mercadofacil/MercadoFacilApplication.class]
19:34:04.699 [Test worker] INFO org.springframework.boot.test.context.SpringBootTestContextBootstrapper -- Found @SpringBootConfiguration com.ufcg.psoft.mercadofacil.MercadoFacilApplication for test class com.ufcg.psoft.mercadofacil.MercadoFacilApplicationTests
19:34:04.932 [Test worker] DEBUG org.springframework.boot.test.context.SpringBootTestContextBootstrapper -- Using TestExecutionListeners for test class [MercadoFacilApplicationTests]: [ServletTestExecutionListener, DirtiesContextBeforeModesTestExecutionListener, ApplicationEventsTestExecutionListener, MockitoTestExecutionListener, DependencyInjectionTestExecutionListener, DirtiesContextTestExecutionListener, TransactionalTestExecutionListener, SqlScriptsTestExecutionListener, EventPublishingTestExecutionListener, RestDocsTestExecutionListener, MockRestServiceServerResetTestExecutionListener, MockMvcPrintOnlyOnFailureTestExecutionListener, WebDriverTestExecutionListener, MockWebServiceServerTestExecutionListener, ResetMocksTestExecutionListener]
19:34:04.933 [Test worker] DEBUG org.springframework.test.context.support.AbstractDirtiesContextTestExecutionListener -- Before test class: class [MercadoFacilApplicationTests], class annotated with @DirtiesContext [false] with mode [null]

  .   ____          _            __ _ _
 /\\ / ___'_ __ _ _(_)_ __  __ _ \ \ \ \
( ( )\___ | '_ | '_| | '_ \/ _` | \ \ \ \
 \\/  ___)| |_)| | | | | || (_| |  ) ) ) )
  '  |____| .__|_| |_|_| |_\__, | / / / /
 =========|_|==============|___/=/_/_/_/
 :: Spring Boot ::                (v3.0.5)

2023-04-21T19:34:06.034-03:00  INFO 45710 --- [    Test worker] c.u.p.m.MercadoFacilApplicationTests     : Starting MercadoFacilApplicationTests using Java 17 with PID 45710 (started by mignoe in /home/mignoe/sala-de-aula-psoft-mignoe)
2023-04-21T19:34:06.044-03:00  INFO 45710 --- [    Test worker] c.u.p.m.MercadoFacilApplicationTests     : No active profile set, falling back to 1 default profile: "default"
2023-04-21T19:34:08.336-03:00  INFO 45710 --- [    Test worker] .s.d.r.c.RepositoryConfigurationDelegate : Bootstrapping Spring Data JPA repositories in DEFAULT mode.
2023-04-21T19:34:08.559-03:00  INFO 45710 --- [    Test worker] .s.d.r.c.RepositoryConfigurationDelegate : Finished Spring Data repository scanning in 195 ms. Found 4 JPA repository interfaces.
2023-04-21T19:34:09.613-03:00  INFO 45710 --- [    Test worker] o.f.c.internal.license.VersionPrinter    : Flyway Community Edition 9.5.1 by Redgate
2023-04-21T19:34:09.613-03:00  INFO 45710 --- [    Test worker] o.f.c.internal.license.VersionPrinter    : See what's new here: https://flywaydb.org/documentation/learnmore/releaseNotes#9.5.1
2023-04-21T19:34:09.613-03:00  INFO 45710 --- [    Test worker] o.f.c.internal.license.VersionPrinter    : 
2023-04-21T19:34:09.631-03:00  INFO 45710 --- [    Test worker] com.zaxxer.hikari.HikariDataSource       : HikariPool-1 - Starting...
2023-04-21T19:34:10.192-03:00  INFO 45710 --- [    Test worker] com.zaxxer.hikari.pool.HikariPool        : HikariPool-1 - Added connection conn0: url=jdbc:h2:file:./data/mercadofacil user=ADMIN
2023-04-21T19:34:10.194-03:00  INFO 45710 --- [    Test worker] com.zaxxer.hikari.HikariDataSource       : HikariPool-1 - Start completed.
2023-04-21T19:34:10.212-03:00  INFO 45710 --- [    Test worker] o.f.c.i.database.base.BaseDatabaseType   : Database: jdbc:h2:file:./data/mercadofacil (H2 2.1)
2023-04-21T19:34:10.291-03:00  INFO 45710 --- [    Test worker] o.f.core.internal.command.DbValidate     : Successfully validated 0 migrations (execution time 00:00.007s)
2023-04-21T19:34:10.292-03:00  WARN 45710 --- [    Test worker] o.f.core.internal.command.DbValidate     : No migrations found. Are your locations set up correctly?
2023-04-21T19:34:10.302-03:00  INFO 45710 --- [    Test worker] o.f.core.internal.command.DbMigrate      : Current version of schema "PUBLIC": << Empty Schema >>
2023-04-21T19:34:10.309-03:00  INFO 45710 --- [    Test worker] o.f.core.internal.command.DbMigrate      : Schema "PUBLIC" is up to date. No migration necessary.
2023-04-21T19:34:10.589-03:00  INFO 45710 --- [    Test worker] o.hibernate.jpa.internal.util.LogHelper  : HHH000204: Processing PersistenceUnitInfo [name: default]
2023-04-21T19:34:10.744-03:00  INFO 45710 --- [    Test worker] org.hibernate.Version                    : HHH000412: Hibernate ORM core version 6.1.7.Final
2023-04-21T19:34:11.427-03:00  INFO 45710 --- [    Test worker] SQL dialect                              : HHH000400: Using dialect: org.hibernate.dialect.H2Dialect
Hibernate: drop table if exists carrinhos cascade 
Hibernate: drop table if exists clientes cascade 
Hibernate: drop table if exists lotes cascade 
Hibernate: drop table if exists lotes_carrinho cascade 
Hibernate: drop table if exists produtos cascade 
Hibernate: drop sequence if exists clientes_seq
Hibernate: drop sequence if exists lotes_seq
Hibernate: drop sequence if exists produtos_seq
Hibernate: create sequence clientes_seq start with 1 increment by 50
Hibernate: create sequence lotes_seq start with 1 increment by 50
Hibernate: create sequence produtos_seq start with 1 increment by 50
Hibernate: create table carrinhos (cliente_id bigint not null, primary key (cliente_id))
Hibernate: create table clientes (id bigint not null, cpf bigint not null, endereco varchar(255), idade integer not null, nome varchar(255) not null, primary key (id))
Hibernate: create table lotes (id bigint not null, numero_de_itens integer not null, produto_id bigint not null, primary key (id))
Hibernate: create table lotes_carrinho (lote_id bigint not null, carrinho_cliente_id bigint not null, primary key (lote_id, carrinho_cliente_id))
Hibernate: create table produtos (id bigint not null, codigo_de_barras varchar(255) not null, fabricante varchar(255) not null, nome varchar(255) not null, preco float(53) not null, primary key (id))
Hibernate: alter table if exists carrinhos add constraint FK4uilxnmbmc8a1hj5l4irdx39r foreign key (cliente_id) references clientes
Hibernate: alter table if exists lotes add constraint FKqexy7wuxwrcg2dva37p4c1b7y foreign key (produto_id) references produtos
Hibernate: alter table if exists lotes_carrinho add constraint FKdtac1gx5roar48eche7idh5ik foreign key (carrinho_cliente_id) references carrinhos
Hibernate: alter table if exists lotes_carrinho add constraint FK97n0eyswvdguyu8c6mbtknpub foreign key (lote_id) references lotes
2023-04-21T19:34:13.615-03:00  INFO 45710 --- [    Test worker] o.h.e.t.j.p.i.JtaPlatformInitiator       : HHH000490: Using JtaPlatform implementation: [org.hibernate.engine.transaction.jta.platform.internal.NoJtaPlatform]
2023-04-21T19:34:13.644-03:00  INFO 45710 --- [    Test worker] j.LocalContainerEntityManagerFactoryBean : Initialized JPA EntityManagerFactory for persistence unit 'default'
2023-04-21T19:34:14.809-03:00  WARN 45710 --- [    Test worker] JpaBaseConfiguration$JpaWebConfiguration : spring.jpa.open-in-view is enabled by default. Therefore, database queries may be performed during view rendering. Explicitly configure spring.jpa.open-in-view to disable this warning
2023-04-21T19:34:15.971-03:00  INFO 45710 --- [    Test worker] c.u.p.m.MercadoFacilApplicationTests     : Started MercadoFacilApplicationTests in 10.841 seconds (process running for 14.433)
]]></system-out>
  <system-err><![CDATA[]]></system-err>
</testsuite>
